2025-11-05 16:05:45,071 [INFO] src.adapters.telegram_bot: Старт Telegram-бота в режиме full (state_dir=data\state, log_dir=data\logs)
2025-11-05 16:05:46,017 [INFO] httpx: HTTP Request: POST https://api.telegram.org/bot8278158740:AAGt3eC9JUHhv4Mdbdqk_p2Zu9a87lEsX3E/getMe "HTTP/1.1 200 OK"
2025-11-05 16:05:46,273 [INFO] httpx: HTTP Request: POST https://api.telegram.org/bot8278158740:AAGt3eC9JUHhv4Mdbdqk_p2Zu9a87lEsX3E/deleteWebhook "HTTP/1.1 200 OK"
2025-11-05 16:05:46,274 [INFO] telegram.ext.Application: Application started
2025-11-05 16:05:57,196 [INFO] httpx: HTTP Request: POST https://api.telegram.org/bot8278158740:AAGt3eC9JUHhv4Mdbdqk_p2Zu9a87lEsX3E/getUpdates "HTTP/1.1 200 OK"
2025-11-05 16:06:07,462 [INFO] httpx: HTTP Request: POST https://api.telegram.org/bot8278158740:AAGt3eC9JUHhv4Mdbdqk_p2Zu9a87lEsX3E/getUpdates "HTTP/1.1 200 OK"
2025-11-05 16:06:17,720 [INFO] httpx: HTTP Request: POST https://api.telegram.org/bot8278158740:AAGt3eC9JUHhv4Mdbdqk_p2Zu9a87lEsX3E/getUpdates "HTTP/1.1 200 OK"
2025-11-05 16:06:26,827 [INFO] httpx: HTTP Request: POST https://api.telegram.org/bot8278158740:AAGt3eC9JUHhv4Mdbdqk_p2Zu9a87lEsX3E/getUpdates "HTTP/1.1 200 OK"
2025-11-05 16:06:26,829 [INFO] src.orchestrator.model_client: Запрос к модели
2025-11-05 16:06:27,798 [INFO] httpx: HTTP Request: POST https://api.telegram.org/bot8278158740:AAGt3eC9JUHhv4Mdbdqk_p2Zu9a87lEsX3E/sendChatAction "HTTP/1.1 200 OK"
2025-11-05 16:06:32,341 [INFO] httpx: HTTP Request: POST https://api.telegram.org/bot8278158740:AAGt3eC9JUHhv4Mdbdqk_p2Zu9a87lEsX3E/sendChatAction "HTTP/1.1 200 OK"
2025-11-05 16:06:36,627 [INFO] httpx: HTTP Request: POST https://api.telegram.org/bot8278158740:AAGt3eC9JUHhv4Mdbdqk_p2Zu9a87lEsX3E/sendChatAction "HTTP/1.1 200 OK"
2025-11-05 16:06:37,091 [INFO] httpx: HTTP Request: POST https://api.telegram.org/bot8278158740:AAGt3eC9JUHhv4Mdbdqk_p2Zu9a87lEsX3E/getUpdates "HTTP/1.1 200 OK"
2025-11-05 16:06:40,951 [INFO] httpx: HTTP Request: POST https://api.telegram.org/bot8278158740:AAGt3eC9JUHhv4Mdbdqk_p2Zu9a87lEsX3E/sendChatAction "HTTP/1.1 200 OK"
2025-11-05 16:06:45,287 [INFO] httpx: HTTP Request: POST https://api.telegram.org/bot8278158740:AAGt3eC9JUHhv4Mdbdqk_p2Zu9a87lEsX3E/sendChatAction "HTTP/1.1 200 OK"
2025-11-05 16:06:47,348 [INFO] httpx: HTTP Request: POST https://api.telegram.org/bot8278158740:AAGt3eC9JUHhv4Mdbdqk_p2Zu9a87lEsX3E/getUpdates "HTTP/1.1 200 OK"
2025-11-05 16:06:49,650 [INFO] httpx: HTTP Request: POST https://api.telegram.org/bot8278158740:AAGt3eC9JUHhv4Mdbdqk_p2Zu9a87lEsX3E/sendChatAction "HTTP/1.1 200 OK"
2025-11-05 16:06:53,932 [INFO] httpx: HTTP Request: POST https://api.telegram.org/bot8278158740:AAGt3eC9JUHhv4Mdbdqk_p2Zu9a87lEsX3E/sendChatAction "HTTP/1.1 200 OK"
2025-11-05 16:06:57,606 [INFO] httpx: HTTP Request: POST https://api.telegram.org/bot8278158740:AAGt3eC9JUHhv4Mdbdqk_p2Zu9a87lEsX3E/getUpdates "HTTP/1.1 200 OK"
2025-11-05 16:06:58,220 [INFO] httpx: HTTP Request: POST https://api.telegram.org/bot8278158740:AAGt3eC9JUHhv4Mdbdqk_p2Zu9a87lEsX3E/sendChatAction "HTTP/1.1 200 OK"
2025-11-05 16:07:02,506 [INFO] httpx: HTTP Request: POST https://api.telegram.org/bot8278158740:AAGt3eC9JUHhv4Mdbdqk_p2Zu9a87lEsX3E/sendChatAction "HTTP/1.1 200 OK"
2025-11-05 16:07:06,909 [INFO] httpx: HTTP Request: POST https://api.telegram.org/bot8278158740:AAGt3eC9JUHhv4Mdbdqk_p2Zu9a87lEsX3E/sendChatAction "HTTP/1.1 200 OK"
2025-11-05 16:07:07,861 [INFO] httpx: HTTP Request: POST https://api.telegram.org/bot8278158740:AAGt3eC9JUHhv4Mdbdqk_p2Zu9a87lEsX3E/getUpdates "HTTP/1.1 200 OK"
2025-11-05 16:07:11,422 [INFO] httpx: HTTP Request: POST https://api.telegram.org/bot8278158740:AAGt3eC9JUHhv4Mdbdqk_p2Zu9a87lEsX3E/sendChatAction "HTTP/1.1 200 OK"
2025-11-05 16:07:15,741 [INFO] httpx: HTTP Request: POST https://api.telegram.org/bot8278158740:AAGt3eC9JUHhv4Mdbdqk_p2Zu9a87lEsX3E/sendChatAction "HTTP/1.1 200 OK"
2025-11-05 16:07:18,119 [INFO] httpx: HTTP Request: POST https://api.telegram.org/bot8278158740:AAGt3eC9JUHhv4Mdbdqk_p2Zu9a87lEsX3E/getUpdates "HTTP/1.1 200 OK"
2025-11-05 16:07:20,020 [INFO] httpx: HTTP Request: POST https://api.telegram.org/bot8278158740:AAGt3eC9JUHhv4Mdbdqk_p2Zu9a87lEsX3E/sendChatAction "HTTP/1.1 200 OK"
2025-11-05 16:07:24,315 [INFO] httpx: HTTP Request: POST https://api.telegram.org/bot8278158740:AAGt3eC9JUHhv4Mdbdqk_p2Zu9a87lEsX3E/sendChatAction "HTTP/1.1 200 OK"
2025-11-05 16:07:27,473 [WARNING] urllib3.connectionpool: Retrying (Retry(total=2, connect=3, read=2, redirect=0, status=None)) after connection broken by 'ReadTimeoutError("HTTPSConnectionPool(host='api.openai.com', port=443): Read timed out. (read timeout=60.0)")': /v1/chat/completions
2025-11-05 16:07:28,374 [INFO] httpx: HTTP Request: POST https://api.telegram.org/bot8278158740:AAGt3eC9JUHhv4Mdbdqk_p2Zu9a87lEsX3E/getUpdates "HTTP/1.1 200 OK"
2025-11-05 16:07:28,601 [INFO] httpx: HTTP Request: POST https://api.telegram.org/bot8278158740:AAGt3eC9JUHhv4Mdbdqk_p2Zu9a87lEsX3E/sendChatAction "HTTP/1.1 200 OK"
2025-11-05 16:07:32,888 [INFO] httpx: HTTP Request: POST https://api.telegram.org/bot8278158740:AAGt3eC9JUHhv4Mdbdqk_p2Zu9a87lEsX3E/sendChatAction "HTTP/1.1 200 OK"
2025-11-05 16:07:37,175 [INFO] httpx: HTTP Request: POST https://api.telegram.org/bot8278158740:AAGt3eC9JUHhv4Mdbdqk_p2Zu9a87lEsX3E/sendChatAction "HTTP/1.1 200 OK"
2025-11-05 16:07:38,631 [INFO] httpx: HTTP Request: POST https://api.telegram.org/bot8278158740:AAGt3eC9JUHhv4Mdbdqk_p2Zu9a87lEsX3E/getUpdates "HTTP/1.1 200 OK"
2025-11-05 16:07:41,460 [INFO] httpx: HTTP Request: POST https://api.telegram.org/bot8278158740:AAGt3eC9JUHhv4Mdbdqk_p2Zu9a87lEsX3E/sendChatAction "HTTP/1.1 200 OK"
2025-11-05 16:07:45,834 [INFO] httpx: HTTP Request: POST https://api.telegram.org/bot8278158740:AAGt3eC9JUHhv4Mdbdqk_p2Zu9a87lEsX3E/sendChatAction "HTTP/1.1 200 OK"
2025-11-05 16:07:48,887 [INFO] httpx: HTTP Request: POST https://api.telegram.org/bot8278158740:AAGt3eC9JUHhv4Mdbdqk_p2Zu9a87lEsX3E/getUpdates "HTTP/1.1 200 OK"
2025-11-05 16:07:50,171 [INFO] httpx: HTTP Request: POST https://api.telegram.org/bot8278158740:AAGt3eC9JUHhv4Mdbdqk_p2Zu9a87lEsX3E/sendChatAction "HTTP/1.1 200 OK"
2025-11-05 16:07:54,506 [INFO] httpx: HTTP Request: POST https://api.telegram.org/bot8278158740:AAGt3eC9JUHhv4Mdbdqk_p2Zu9a87lEsX3E/sendChatAction "HTTP/1.1 200 OK"
2025-11-05 16:07:58,841 [INFO] httpx: HTTP Request: POST https://api.telegram.org/bot8278158740:AAGt3eC9JUHhv4Mdbdqk_p2Zu9a87lEsX3E/sendChatAction "HTTP/1.1 200 OK"
2025-11-05 16:07:59,142 [INFO] httpx: HTTP Request: POST https://api.telegram.org/bot8278158740:AAGt3eC9JUHhv4Mdbdqk_p2Zu9a87lEsX3E/getUpdates "HTTP/1.1 200 OK"
2025-11-05 16:08:03,135 [INFO] httpx: HTTP Request: POST https://api.telegram.org/bot8278158740:AAGt3eC9JUHhv4Mdbdqk_p2Zu9a87lEsX3E/sendChatAction "HTTP/1.1 200 OK"
2025-11-05 16:08:07,425 [INFO] httpx: HTTP Request: POST https://api.telegram.org/bot8278158740:AAGt3eC9JUHhv4Mdbdqk_p2Zu9a87lEsX3E/sendChatAction "HTTP/1.1 200 OK"
2025-11-05 16:08:09,405 [INFO] httpx: HTTP Request: POST https://api.telegram.org/bot8278158740:AAGt3eC9JUHhv4Mdbdqk_p2Zu9a87lEsX3E/getUpdates "HTTP/1.1 200 OK"
2025-11-05 16:08:11,708 [INFO] httpx: HTTP Request: POST https://api.telegram.org/bot8278158740:AAGt3eC9JUHhv4Mdbdqk_p2Zu9a87lEsX3E/sendChatAction "HTTP/1.1 200 OK"
2025-11-05 16:08:16,094 [INFO] httpx: HTTP Request: POST https://api.telegram.org/bot8278158740:AAGt3eC9JUHhv4Mdbdqk_p2Zu9a87lEsX3E/sendChatAction "HTTP/1.1 200 OK"
2025-11-05 16:08:19,671 [INFO] httpx: HTTP Request: POST https://api.telegram.org/bot8278158740:AAGt3eC9JUHhv4Mdbdqk_p2Zu9a87lEsX3E/getUpdates "HTTP/1.1 200 OK"
2025-11-05 16:08:20,377 [INFO] httpx: HTTP Request: POST https://api.telegram.org/bot8278158740:AAGt3eC9JUHhv4Mdbdqk_p2Zu9a87lEsX3E/sendChatAction "HTTP/1.1 200 OK"
2025-11-05 16:08:24,703 [INFO] httpx: HTTP Request: POST https://api.telegram.org/bot8278158740:AAGt3eC9JUHhv4Mdbdqk_p2Zu9a87lEsX3E/sendChatAction "HTTP/1.1 200 OK"
2025-11-05 16:08:28,999 [INFO] httpx: HTTP Request: POST https://api.telegram.org/bot8278158740:AAGt3eC9JUHhv4Mdbdqk_p2Zu9a87lEsX3E/sendChatAction "HTTP/1.1 200 OK"
2025-11-05 16:08:29,926 [INFO] httpx: HTTP Request: POST https://api.telegram.org/bot8278158740:AAGt3eC9JUHhv4Mdbdqk_p2Zu9a87lEsX3E/getUpdates "HTTP/1.1 200 OK"
2025-11-05 16:08:30,123 [WARNING] urllib3.connectionpool: Retrying (Retry(total=1, connect=3, read=1, redirect=0, status=None)) after connection broken by 'ReadTimeoutError("HTTPSConnectionPool(host='api.openai.com', port=443): Read timed out. (read timeout=60.0)")': /v1/chat/completions
2025-11-05 16:08:33,390 [INFO] httpx: HTTP Request: POST https://api.telegram.org/bot8278158740:AAGt3eC9JUHhv4Mdbdqk_p2Zu9a87lEsX3E/sendChatAction "HTTP/1.1 200 OK"
2025-11-05 16:08:37,734 [INFO] httpx: HTTP Request: POST https://api.telegram.org/bot8278158740:AAGt3eC9JUHhv4Mdbdqk_p2Zu9a87lEsX3E/sendChatAction "HTTP/1.1 200 OK"
2025-11-05 16:08:40,189 [INFO] httpx: HTTP Request: POST https://api.telegram.org/bot8278158740:AAGt3eC9JUHhv4Mdbdqk_p2Zu9a87lEsX3E/getUpdates "HTTP/1.1 200 OK"
2025-11-05 16:08:42,063 [INFO] httpx: HTTP Request: POST https://api.telegram.org/bot8278158740:AAGt3eC9JUHhv4Mdbdqk_p2Zu9a87lEsX3E/sendChatAction "HTTP/1.1 200 OK"
2025-11-05 16:08:46,376 [INFO] httpx: HTTP Request: POST https://api.telegram.org/bot8278158740:AAGt3eC9JUHhv4Mdbdqk_p2Zu9a87lEsX3E/sendChatAction "HTTP/1.1 200 OK"
2025-11-05 16:08:50,444 [INFO] httpx: HTTP Request: POST https://api.telegram.org/bot8278158740:AAGt3eC9JUHhv4Mdbdqk_p2Zu9a87lEsX3E/getUpdates "HTTP/1.1 200 OK"
2025-11-05 16:08:50,687 [INFO] httpx: HTTP Request: POST https://api.telegram.org/bot8278158740:AAGt3eC9JUHhv4Mdbdqk_p2Zu9a87lEsX3E/sendChatAction "HTTP/1.1 200 OK"
2025-11-05 16:08:54,998 [INFO] httpx: HTTP Request: POST https://api.telegram.org/bot8278158740:AAGt3eC9JUHhv4Mdbdqk_p2Zu9a87lEsX3E/sendChatAction "HTTP/1.1 200 OK"
2025-11-05 16:08:59,395 [INFO] httpx: HTTP Request: POST https://api.telegram.org/bot8278158740:AAGt3eC9JUHhv4Mdbdqk_p2Zu9a87lEsX3E/sendChatAction "HTTP/1.1 200 OK"
2025-11-05 16:09:00,715 [INFO] httpx: HTTP Request: POST https://api.telegram.org/bot8278158740:AAGt3eC9JUHhv4Mdbdqk_p2Zu9a87lEsX3E/getUpdates "HTTP/1.1 200 OK"
2025-11-05 16:09:03,671 [INFO] httpx: HTTP Request: POST https://api.telegram.org/bot8278158740:AAGt3eC9JUHhv4Mdbdqk_p2Zu9a87lEsX3E/sendChatAction "HTTP/1.1 200 OK"
2025-11-05 16:09:07,968 [INFO] httpx: HTTP Request: POST https://api.telegram.org/bot8278158740:AAGt3eC9JUHhv4Mdbdqk_p2Zu9a87lEsX3E/sendChatAction "HTTP/1.1 200 OK"
2025-11-05 16:09:11,046 [INFO] httpx: HTTP Request: POST https://api.telegram.org/bot8278158740:AAGt3eC9JUHhv4Mdbdqk_p2Zu9a87lEsX3E/getUpdates "HTTP/1.1 200 OK"
2025-11-05 16:09:12,286 [INFO] httpx: HTTP Request: POST https://api.telegram.org/bot8278158740:AAGt3eC9JUHhv4Mdbdqk_p2Zu9a87lEsX3E/sendChatAction "HTTP/1.1 200 OK"
2025-11-05 16:09:16,570 [INFO] httpx: HTTP Request: POST https://api.telegram.org/bot8278158740:AAGt3eC9JUHhv4Mdbdqk_p2Zu9a87lEsX3E/sendChatAction "HTTP/1.1 200 OK"
2025-11-05 16:09:20,851 [INFO] httpx: HTTP Request: POST https://api.telegram.org/bot8278158740:AAGt3eC9JUHhv4Mdbdqk_p2Zu9a87lEsX3E/sendChatAction "HTTP/1.1 200 OK"
2025-11-05 16:09:21,303 [INFO] httpx: HTTP Request: POST https://api.telegram.org/bot8278158740:AAGt3eC9JUHhv4Mdbdqk_p2Zu9a87lEsX3E/getUpdates "HTTP/1.1 200 OK"
2025-11-05 16:09:25,161 [INFO] httpx: HTTP Request: POST https://api.telegram.org/bot8278158740:AAGt3eC9JUHhv4Mdbdqk_p2Zu9a87lEsX3E/sendChatAction "HTTP/1.1 200 OK"
2025-11-05 16:09:29,447 [INFO] httpx: HTTP Request: POST https://api.telegram.org/bot8278158740:AAGt3eC9JUHhv4Mdbdqk_p2Zu9a87lEsX3E/sendChatAction "HTTP/1.1 200 OK"
2025-11-05 16:09:31,578 [INFO] httpx: HTTP Request: POST https://api.telegram.org/bot8278158740:AAGt3eC9JUHhv4Mdbdqk_p2Zu9a87lEsX3E/getUpdates "HTTP/1.1 200 OK"
2025-11-05 16:09:33,726 [INFO] httpx: HTTP Request: POST https://api.telegram.org/bot8278158740:AAGt3eC9JUHhv4Mdbdqk_p2Zu9a87lEsX3E/sendChatAction "HTTP/1.1 200 OK"
2025-11-05 16:09:34,761 [WARNING] urllib3.connectionpool: Retrying (Retry(total=0, connect=3, read=0, redirect=0, status=None)) after connection broken by 'ReadTimeoutError("HTTPSConnectionPool(host='api.openai.com', port=443): Read timed out. (read timeout=60.0)")': /v1/chat/completions
2025-11-05 16:09:38,001 [INFO] httpx: HTTP Request: POST https://api.telegram.org/bot8278158740:AAGt3eC9JUHhv4Mdbdqk_p2Zu9a87lEsX3E/sendChatAction "HTTP/1.1 200 OK"
2025-11-05 16:09:42,028 [INFO] httpx: HTTP Request: POST https://api.telegram.org/bot8278158740:AAGt3eC9JUHhv4Mdbdqk_p2Zu9a87lEsX3E/getUpdates "HTTP/1.1 200 OK"
2025-11-05 16:09:42,278 [INFO] httpx: HTTP Request: POST https://api.telegram.org/bot8278158740:AAGt3eC9JUHhv4Mdbdqk_p2Zu9a87lEsX3E/sendChatAction "HTTP/1.1 200 OK"
2025-11-05 16:09:46,639 [INFO] httpx: HTTP Request: POST https://api.telegram.org/bot8278158740:AAGt3eC9JUHhv4Mdbdqk_p2Zu9a87lEsX3E/sendChatAction "HTTP/1.1 200 OK"
2025-11-05 16:09:50,927 [INFO] httpx: HTTP Request: POST https://api.telegram.org/bot8278158740:AAGt3eC9JUHhv4Mdbdqk_p2Zu9a87lEsX3E/sendChatAction "HTTP/1.1 200 OK"
2025-11-05 16:09:52,294 [INFO] httpx: HTTP Request: POST https://api.telegram.org/bot8278158740:AAGt3eC9JUHhv4Mdbdqk_p2Zu9a87lEsX3E/getUpdates "HTTP/1.1 200 OK"
2025-11-05 16:09:55,241 [INFO] httpx: HTTP Request: POST https://api.telegram.org/bot8278158740:AAGt3eC9JUHhv4Mdbdqk_p2Zu9a87lEsX3E/sendChatAction "HTTP/1.1 200 OK"
2025-11-05 16:09:59,783 [INFO] httpx: HTTP Request: POST https://api.telegram.org/bot8278158740:AAGt3eC9JUHhv4Mdbdqk_p2Zu9a87lEsX3E/sendChatAction "HTTP/1.1 200 OK"
2025-11-05 16:10:02,560 [INFO] httpx: HTTP Request: POST https://api.telegram.org/bot8278158740:AAGt3eC9JUHhv4Mdbdqk_p2Zu9a87lEsX3E/getUpdates "HTTP/1.1 200 OK"
2025-11-05 16:10:04,063 [INFO] httpx: HTTP Request: POST https://api.telegram.org/bot8278158740:AAGt3eC9JUHhv4Mdbdqk_p2Zu9a87lEsX3E/sendChatAction "HTTP/1.1 200 OK"
2025-11-05 16:10:08,357 [INFO] httpx: HTTP Request: POST https://api.telegram.org/bot8278158740:AAGt3eC9JUHhv4Mdbdqk_p2Zu9a87lEsX3E/sendChatAction "HTTP/1.1 200 OK"
2025-11-05 16:10:12,653 [INFO] httpx: HTTP Request: POST https://api.telegram.org/bot8278158740:AAGt3eC9JUHhv4Mdbdqk_p2Zu9a87lEsX3E/sendChatAction "HTTP/1.1 200 OK"
2025-11-05 16:10:12,822 [INFO] httpx: HTTP Request: POST https://api.telegram.org/bot8278158740:AAGt3eC9JUHhv4Mdbdqk_p2Zu9a87lEsX3E/getUpdates "HTTP/1.1 200 OK"
2025-11-05 16:10:16,927 [INFO] httpx: HTTP Request: POST https://api.telegram.org/bot8278158740:AAGt3eC9JUHhv4Mdbdqk_p2Zu9a87lEsX3E/sendChatAction "HTTP/1.1 200 OK"
2025-11-05 16:10:21,216 [INFO] httpx: HTTP Request: POST https://api.telegram.org/bot8278158740:AAGt3eC9JUHhv4Mdbdqk_p2Zu9a87lEsX3E/sendChatAction "HTTP/1.1 200 OK"
2025-11-05 16:10:23,079 [INFO] httpx: HTTP Request: POST https://api.telegram.org/bot8278158740:AAGt3eC9JUHhv4Mdbdqk_p2Zu9a87lEsX3E/getUpdates "HTTP/1.1 200 OK"
2025-11-05 16:10:25,520 [INFO] httpx: HTTP Request: POST https://api.telegram.org/bot8278158740:AAGt3eC9JUHhv4Mdbdqk_p2Zu9a87lEsX3E/sendChatAction "HTTP/1.1 200 OK"
2025-11-05 16:10:29,799 [INFO] httpx: HTTP Request: POST https://api.telegram.org/bot8278158740:AAGt3eC9JUHhv4Mdbdqk_p2Zu9a87lEsX3E/sendChatAction "HTTP/1.1 200 OK"
2025-11-05 16:10:33,338 [INFO] httpx: HTTP Request: POST https://api.telegram.org/bot8278158740:AAGt3eC9JUHhv4Mdbdqk_p2Zu9a87lEsX3E/getUpdates "HTTP/1.1 200 OK"
2025-11-05 16:10:34,205 [INFO] httpx: HTTP Request: POST https://api.telegram.org/bot8278158740:AAGt3eC9JUHhv4Mdbdqk_p2Zu9a87lEsX3E/sendChatAction "HTTP/1.1 200 OK"
2025-11-05 16:10:35,607 [WARNING] src.orchestrator.agent: Ошибка GPT-клиента
2025-11-05 16:10:35,611 [INFO] src.orchestrator.agent: Финальный ответ ассистента
2025-11-05 16:10:35,910 [INFO] httpx: HTTP Request: POST https://api.telegram.org/bot8278158740:AAGt3eC9JUHhv4Mdbdqk_p2Zu9a87lEsX3E/sendMessage "HTTP/1.1 200 OK"
2025-11-05 16:10:43,598 [INFO] httpx: HTTP Request: POST https://api.telegram.org/bot8278158740:AAGt3eC9JUHhv4Mdbdqk_p2Zu9a87lEsX3E/getUpdates "HTTP/1.1 200 OK"
2025-11-05 16:10:53,862 [INFO] httpx: HTTP Request: POST https://api.telegram.org/bot8278158740:AAGt3eC9JUHhv4Mdbdqk_p2Zu9a87lEsX3E/getUpdates "HTTP/1.1 200 OK"
2025-11-05 16:11:04,119 [INFO] httpx: HTTP Request: POST https://api.telegram.org/bot8278158740:AAGt3eC9JUHhv4Mdbdqk_p2Zu9a87lEsX3E/getUpdates "HTTP/1.1 200 OK"
2025-11-05 16:11:14,378 [INFO] httpx: HTTP Request: POST https://api.telegram.org/bot8278158740:AAGt3eC9JUHhv4Mdbdqk_p2Zu9a87lEsX3E/getUpdates "HTTP/1.1 200 OK"
2025-11-05 16:11:24,637 [INFO] httpx: HTTP Request: POST https://api.telegram.org/bot8278158740:AAGt3eC9JUHhv4Mdbdqk_p2Zu9a87lEsX3E/getUpdates "HTTP/1.1 200 OK"
2025-11-05 16:11:34,893 [INFO] httpx: HTTP Request: POST https://api.telegram.org/bot8278158740:AAGt3eC9JUHhv4Mdbdqk_p2Zu9a87lEsX3E/getUpdates "HTTP/1.1 200 OK"
2025-11-05 16:11:45,150 [INFO] httpx: HTTP Request: POST https://api.telegram.org/bot8278158740:AAGt3eC9JUHhv4Mdbdqk_p2Zu9a87lEsX3E/getUpdates "HTTP/1.1 200 OK"
2025-11-05 16:11:55,420 [INFO] httpx: HTTP Request: POST https://api.telegram.org/bot8278158740:AAGt3eC9JUHhv4Mdbdqk_p2Zu9a87lEsX3E/getUpdates "HTTP/1.1 200 OK"
2025-11-05 16:12:05,684 [INFO] httpx: HTTP Request: POST https://api.telegram.org/bot8278158740:AAGt3eC9JUHhv4Mdbdqk_p2Zu9a87lEsX3E/getUpdates "HTTP/1.1 200 OK"
2025-11-05 16:12:15,942 [INFO] httpx: HTTP Request: POST https://api.telegram.org/bot8278158740:AAGt3eC9JUHhv4Mdbdqk_p2Zu9a87lEsX3E/getUpdates "HTTP/1.1 200 OK"
2025-11-05 16:12:26,200 [INFO] httpx: HTTP Request: POST https://api.telegram.org/bot8278158740:AAGt3eC9JUHhv4Mdbdqk_p2Zu9a87lEsX3E/getUpdates "HTTP/1.1 200 OK"
2025-11-05 16:12:36,462 [INFO] httpx: HTTP Request: POST https://api.telegram.org/bot8278158740:AAGt3eC9JUHhv4Mdbdqk_p2Zu9a87lEsX3E/getUpdates "HTTP/1.1 200 OK"
2025-11-05 16:12:46,719 [INFO] httpx: HTTP Request: POST https://api.telegram.org/bot8278158740:AAGt3eC9JUHhv4Mdbdqk_p2Zu9a87lEsX3E/getUpdates "HTTP/1.1 200 OK"
2025-11-05 16:12:56,976 [INFO] httpx: HTTP Request: POST https://api.telegram.org/bot8278158740:AAGt3eC9JUHhv4Mdbdqk_p2Zu9a87lEsX3E/getUpdates "HTTP/1.1 200 OK"
2025-11-05 16:13:07,234 [INFO] httpx: HTTP Request: POST https://api.telegram.org/bot8278158740:AAGt3eC9JUHhv4Mdbdqk_p2Zu9a87lEsX3E/getUpdates "HTTP/1.1 200 OK"
2025-11-05 16:13:17,491 [INFO] httpx: HTTP Request: POST https://api.telegram.org/bot8278158740:AAGt3eC9JUHhv4Mdbdqk_p2Zu9a87lEsX3E/getUpdates "HTTP/1.1 200 OK"
2025-11-05 16:13:27,748 [INFO] httpx: HTTP Request: POST https://api.telegram.org/bot8278158740:AAGt3eC9JUHhv4Mdbdqk_p2Zu9a87lEsX3E/getUpdates "HTTP/1.1 200 OK"
2025-11-05 16:13:38,005 [INFO] httpx: HTTP Request: POST https://api.telegram.org/bot8278158740:AAGt3eC9JUHhv4Mdbdqk_p2Zu9a87lEsX3E/getUpdates "HTTP/1.1 200 OK"
2025-11-05 16:13:48,266 [INFO] httpx: HTTP Request: POST https://api.telegram.org/bot8278158740:AAGt3eC9JUHhv4Mdbdqk_p2Zu9a87lEsX3E/getUpdates "HTTP/1.1 200 OK"
2025-11-05 16:13:58,524 [INFO] httpx: HTTP Request: POST https://api.telegram.org/bot8278158740:AAGt3eC9JUHhv4Mdbdqk_p2Zu9a87lEsX3E/getUpdates "HTTP/1.1 200 OK"
2025-11-05 16:14:08,784 [INFO] httpx: HTTP Request: POST https://api.telegram.org/bot8278158740:AAGt3eC9JUHhv4Mdbdqk_p2Zu9a87lEsX3E/getUpdates "HTTP/1.1 200 OK"
2025-11-05 16:14:19,042 [INFO] httpx: HTTP Request: POST https://api.telegram.org/bot8278158740:AAGt3eC9JUHhv4Mdbdqk_p2Zu9a87lEsX3E/getUpdates "HTTP/1.1 200 OK"
2025-11-05 16:14:29,300 [INFO] httpx: HTTP Request: POST https://api.telegram.org/bot8278158740:AAGt3eC9JUHhv4Mdbdqk_p2Zu9a87lEsX3E/getUpdates "HTTP/1.1 200 OK"
2025-11-05 16:14:39,559 [INFO] httpx: HTTP Request: POST https://api.telegram.org/bot8278158740:AAGt3eC9JUHhv4Mdbdqk_p2Zu9a87lEsX3E/getUpdates "HTTP/1.1 200 OK"
2025-11-05 16:14:49,817 [INFO] httpx: HTTP Request: POST https://api.telegram.org/bot8278158740:AAGt3eC9JUHhv4Mdbdqk_p2Zu9a87lEsX3E/getUpdates "HTTP/1.1 200 OK"
2025-11-05 16:15:00,072 [INFO] httpx: HTTP Request: POST https://api.telegram.org/bot8278158740:AAGt3eC9JUHhv4Mdbdqk_p2Zu9a87lEsX3E/getUpdates "HTTP/1.1 200 OK"
2025-11-05 16:15:10,338 [INFO] httpx: HTTP Request: POST https://api.telegram.org/bot8278158740:AAGt3eC9JUHhv4Mdbdqk_p2Zu9a87lEsX3E/getUpdates "HTTP/1.1 200 OK"
2025-11-05 16:15:20,596 [INFO] httpx: HTTP Request: POST https://api.telegram.org/bot8278158740:AAGt3eC9JUHhv4Mdbdqk_p2Zu9a87lEsX3E/getUpdates "HTTP/1.1 200 OK"
2025-11-05 16:15:30,853 [INFO] httpx: HTTP Request: POST https://api.telegram.org/bot8278158740:AAGt3eC9JUHhv4Mdbdqk_p2Zu9a87lEsX3E/getUpdates "HTTP/1.1 200 OK"
2025-11-05 16:15:41,109 [INFO] httpx: HTTP Request: POST https://api.telegram.org/bot8278158740:AAGt3eC9JUHhv4Mdbdqk_p2Zu9a87lEsX3E/getUpdates "HTTP/1.1 200 OK"
2025-11-05 16:15:51,373 [INFO] httpx: HTTP Request: POST https://api.telegram.org/bot8278158740:AAGt3eC9JUHhv4Mdbdqk_p2Zu9a87lEsX3E/getUpdates "HTTP/1.1 200 OK"
2025-11-05 16:16:01,637 [INFO] httpx: HTTP Request: POST https://api.telegram.org/bot8278158740:AAGt3eC9JUHhv4Mdbdqk_p2Zu9a87lEsX3E/getUpdates "HTTP/1.1 200 OK"
2025-11-05 16:16:11,898 [INFO] httpx: HTTP Request: POST https://api.telegram.org/bot8278158740:AAGt3eC9JUHhv4Mdbdqk_p2Zu9a87lEsX3E/getUpdates "HTTP/1.1 200 OK"
2025-11-05 16:16:22,155 [INFO] httpx: HTTP Request: POST https://api.telegram.org/bot8278158740:AAGt3eC9JUHhv4Mdbdqk_p2Zu9a87lEsX3E/getUpdates "HTTP/1.1 200 OK"
2025-11-05 16:16:32,417 [INFO] httpx: HTTP Request: POST https://api.telegram.org/bot8278158740:AAGt3eC9JUHhv4Mdbdqk_p2Zu9a87lEsX3E/getUpdates "HTTP/1.1 200 OK"
2025-11-05 16:16:42,673 [INFO] httpx: HTTP Request: POST https://api.telegram.org/bot8278158740:AAGt3eC9JUHhv4Mdbdqk_p2Zu9a87lEsX3E/getUpdates "HTTP/1.1 200 OK"
2025-11-05 16:16:52,928 [INFO] httpx: HTTP Request: POST https://api.telegram.org/bot8278158740:AAGt3eC9JUHhv4Mdbdqk_p2Zu9a87lEsX3E/getUpdates "HTTP/1.1 200 OK"
2025-11-05 16:17:03,183 [INFO] httpx: HTTP Request: POST https://api.telegram.org/bot8278158740:AAGt3eC9JUHhv4Mdbdqk_p2Zu9a87lEsX3E/getUpdates "HTTP/1.1 200 OK"
2025-11-05 16:17:13,438 [INFO] httpx: HTTP Request: POST https://api.telegram.org/bot8278158740:AAGt3eC9JUHhv4Mdbdqk_p2Zu9a87lEsX3E/getUpdates "HTTP/1.1 200 OK"
2025-11-05 16:17:23,694 [INFO] httpx: HTTP Request: POST https://api.telegram.org/bot8278158740:AAGt3eC9JUHhv4Mdbdqk_p2Zu9a87lEsX3E/getUpdates "HTTP/1.1 200 OK"
2025-11-05 16:17:33,950 [INFO] httpx: HTTP Request: POST https://api.telegram.org/bot8278158740:AAGt3eC9JUHhv4Mdbdqk_p2Zu9a87lEsX3E/getUpdates "HTTP/1.1 200 OK"
2025-11-05 16:17:44,209 [INFO] httpx: HTTP Request: POST https://api.telegram.org/bot8278158740:AAGt3eC9JUHhv4Mdbdqk_p2Zu9a87lEsX3E/getUpdates "HTTP/1.1 200 OK"
2025-11-05 16:17:54,466 [INFO] httpx: HTTP Request: POST https://api.telegram.org/bot8278158740:AAGt3eC9JUHhv4Mdbdqk_p2Zu9a87lEsX3E/getUpdates "HTTP/1.1 200 OK"
2025-11-05 16:18:04,723 [INFO] httpx: HTTP Request: POST https://api.telegram.org/bot8278158740:AAGt3eC9JUHhv4Mdbdqk_p2Zu9a87lEsX3E/getUpdates "HTTP/1.1 200 OK"
2025-11-05 16:18:14,979 [INFO] httpx: HTTP Request: POST https://api.telegram.org/bot8278158740:AAGt3eC9JUHhv4Mdbdqk_p2Zu9a87lEsX3E/getUpdates "HTTP/1.1 200 OK"
2025-11-05 16:18:25,234 [INFO] httpx: HTTP Request: POST https://api.telegram.org/bot8278158740:AAGt3eC9JUHhv4Mdbdqk_p2Zu9a87lEsX3E/getUpdates "HTTP/1.1 200 OK"
2025-11-05 16:18:35,491 [INFO] httpx: HTTP Request: POST https://api.telegram.org/bot8278158740:AAGt3eC9JUHhv4Mdbdqk_p2Zu9a87lEsX3E/getUpdates "HTTP/1.1 200 OK"
2025-11-05 16:18:45,750 [INFO] httpx: HTTP Request: POST https://api.telegram.org/bot8278158740:AAGt3eC9JUHhv4Mdbdqk_p2Zu9a87lEsX3E/getUpdates "HTTP/1.1 200 OK"
2025-11-05 16:18:56,006 [INFO] httpx: HTTP Request: POST https://api.telegram.org/bot8278158740:AAGt3eC9JUHhv4Mdbdqk_p2Zu9a87lEsX3E/getUpdates "HTTP/1.1 200 OK"
2025-11-05 16:19:06,265 [INFO] httpx: HTTP Request: POST https://api.telegram.org/bot8278158740:AAGt3eC9JUHhv4Mdbdqk_p2Zu9a87lEsX3E/getUpdates "HTTP/1.1 200 OK"
2025-11-05 16:19:16,522 [INFO] httpx: HTTP Request: POST https://api.telegram.org/bot8278158740:AAGt3eC9JUHhv4Mdbdqk_p2Zu9a87lEsX3E/getUpdates "HTTP/1.1 200 OK"
2025-11-05 16:19:26,788 [INFO] httpx: HTTP Request: POST https://api.telegram.org/bot8278158740:AAGt3eC9JUHhv4Mdbdqk_p2Zu9a87lEsX3E/getUpdates "HTTP/1.1 200 OK"
2025-11-05 16:19:37,045 [INFO] httpx: HTTP Request: POST https://api.telegram.org/bot8278158740:AAGt3eC9JUHhv4Mdbdqk_p2Zu9a87lEsX3E/getUpdates "HTTP/1.1 200 OK"
2025-11-05 16:19:47,305 [INFO] httpx: HTTP Request: POST https://api.telegram.org/bot8278158740:AAGt3eC9JUHhv4Mdbdqk_p2Zu9a87lEsX3E/getUpdates "HTTP/1.1 200 OK"
2025-11-05 16:19:57,566 [INFO] httpx: HTTP Request: POST https://api.telegram.org/bot8278158740:AAGt3eC9JUHhv4Mdbdqk_p2Zu9a87lEsX3E/getUpdates "HTTP/1.1 200 OK"
2025-11-05 16:20:07,825 [INFO] httpx: HTTP Request: POST https://api.telegram.org/bot8278158740:AAGt3eC9JUHhv4Mdbdqk_p2Zu9a87lEsX3E/getUpdates "HTTP/1.1 200 OK"
2025-11-05 16:20:18,081 [INFO] httpx: HTTP Request: POST https://api.telegram.org/bot8278158740:AAGt3eC9JUHhv4Mdbdqk_p2Zu9a87lEsX3E/getUpdates "HTTP/1.1 200 OK"
2025-11-05 16:20:28,342 [INFO] httpx: HTTP Request: POST https://api.telegram.org/bot8278158740:AAGt3eC9JUHhv4Mdbdqk_p2Zu9a87lEsX3E/getUpdates "HTTP/1.1 200 OK"
2025-11-05 16:20:38,599 [INFO] httpx: HTTP Request: POST https://api.telegram.org/bot8278158740:AAGt3eC9JUHhv4Mdbdqk_p2Zu9a87lEsX3E/getUpdates "HTTP/1.1 200 OK"
2025-11-05 16:20:48,854 [INFO] httpx: HTTP Request: POST https://api.telegram.org/bot8278158740:AAGt3eC9JUHhv4Mdbdqk_p2Zu9a87lEsX3E/getUpdates "HTTP/1.1 200 OK"
2025-11-05 16:20:59,109 [INFO] httpx: HTTP Request: POST https://api.telegram.org/bot8278158740:AAGt3eC9JUHhv4Mdbdqk_p2Zu9a87lEsX3E/getUpdates "HTTP/1.1 200 OK"
2025-11-05 16:21:09,367 [INFO] httpx: HTTP Request: POST https://api.telegram.org/bot8278158740:AAGt3eC9JUHhv4Mdbdqk_p2Zu9a87lEsX3E/getUpdates "HTTP/1.1 200 OK"
2025-11-05 16:21:19,622 [INFO] httpx: HTTP Request: POST https://api.telegram.org/bot8278158740:AAGt3eC9JUHhv4Mdbdqk_p2Zu9a87lEsX3E/getUpdates "HTTP/1.1 200 OK"
2025-11-05 16:21:29,878 [INFO] httpx: HTTP Request: POST https://api.telegram.org/bot8278158740:AAGt3eC9JUHhv4Mdbdqk_p2Zu9a87lEsX3E/getUpdates "HTTP/1.1 200 OK"
2025-11-05 16:21:34,433 [ERROR] telegram.ext.Updater: Error while getting Updates: httpx.RemoteProtocolError: Server disconnected without sending a response.
2025-11-05 16:21:34,433 [ERROR] src.adapters.telegram_bot: Исключение в Telegram-боте
Traceback (most recent call last):
  File "C:\Users\PC\Desktop\bitrix24x\.venv\Lib\site-packages\httpx\_transports\default.py", line 67, in map_httpcore_exceptions
    yield
  File "C:\Users\PC\Desktop\bitrix24x\.venv\Lib\site-packages\httpx\_transports\default.py", line 371, in handle_async_request
    resp = await self._pool.handle_async_request(req)
           ^^^^^^^^^^^^^^^^^^^^^^^^^^^^^^^^^^^^^^^^^^
  File "C:\Users\PC\Desktop\bitrix24x\.venv\Lib\site-packages\httpcore\_async\connection_pool.py", line 256, in handle_async_request
    raise exc from None
  File "C:\Users\PC\Desktop\bitrix24x\.venv\Lib\site-packages\httpcore\_async\connection_pool.py", line 236, in handle_async_request
    response = await connection.handle_async_request(
               ^^^^^^^^^^^^^^^^^^^^^^^^^^^^^^^^^^^^^^
        pool_request.request
        ^^^^^^^^^^^^^^^^^^^^
    )
    ^
  File "C:\Users\PC\Desktop\bitrix24x\.venv\Lib\site-packages\httpcore\_async\http_proxy.py", line 343, in handle_async_request
    return await self._connection.handle_async_request(request)
           ^^^^^^^^^^^^^^^^^^^^^^^^^^^^^^^^^^^^^^^^^^^^^^^^^^^^
  File "C:\Users\PC\Desktop\bitrix24x\.venv\Lib\site-packages\httpcore\_async\http11.py", line 136, in handle_async_request
    raise exc
  File "C:\Users\PC\Desktop\bitrix24x\.venv\Lib\site-packages\httpcore\_async\http11.py", line 106, in handle_async_request
    ) = await self._receive_response_headers(**kwargs)
        ^^^^^^^^^^^^^^^^^^^^^^^^^^^^^^^^^^^^^^^^^^^^^^
  File "C:\Users\PC\Desktop\bitrix24x\.venv\Lib\site-packages\httpcore\_async\http11.py", line 177, in _receive_response_headers
    event = await self._receive_event(timeout=timeout)
            ^^^^^^^^^^^^^^^^^^^^^^^^^^^^^^^^^^^^^^^^^^
  File "C:\Users\PC\Desktop\bitrix24x\.venv\Lib\site-packages\httpcore\_async\http11.py", line 231, in _receive_event
    raise RemoteProtocolError(msg)
httpcore.RemoteProtocolError: Server disconnected without sending a response.

The above exception was the direct cause of the following exception:

Traceback (most recent call last):
  File "C:\Users\PC\Desktop\bitrix24x\.venv\Lib\site-packages\telegram\request\_httpxrequest.py", line 268, in do_request
    res = await self._client.request(
          ^^^^^^^^^^^^^^^^^^^^^^^^^^^
    ...<6 lines>...
    )
    ^
  File "C:\Users\PC\Desktop\bitrix24x\.venv\Lib\site-packages\httpx\_client.py", line 1559, in request
    return await self.send(request, auth=auth, follow_redirects=follow_redirects)
           ^^^^^^^^^^^^^^^^^^^^^^^^^^^^^^^^^^^^^^^^^^^^^^^^^^^^^^^^^^^^^^^^^^^^^^
  File "C:\Users\PC\Desktop\bitrix24x\.venv\Lib\site-packages\httpx\_client.py", line 1646, in send
    response = await self._send_handling_auth(
               ^^^^^^^^^^^^^^^^^^^^^^^^^^^^^^^
    ...<4 lines>...
    )
    ^
  File "C:\Users\PC\Desktop\bitrix24x\.venv\Lib\site-packages\httpx\_client.py", line 1674, in _send_handling_auth
    response = await self._send_handling_redirects(
               ^^^^^^^^^^^^^^^^^^^^^^^^^^^^^^^^^^^^
    ...<3 lines>...
    )
    ^
  File "C:\Users\PC\Desktop\bitrix24x\.venv\Lib\site-packages\httpx\_client.py", line 1711, in _send_handling_redirects
    response = await self._send_single_request(request)
               ^^^^^^^^^^^^^^^^^^^^^^^^^^^^^^^^^^^^^^^^
  File "C:\Users\PC\Desktop\bitrix24x\.venv\Lib\site-packages\httpx\_client.py", line 1748, in _send_single_request
    response = await transport.handle_async_request(request)
               ^^^^^^^^^^^^^^^^^^^^^^^^^^^^^^^^^^^^^^^^^^^^^
  File "C:\Users\PC\Desktop\bitrix24x\.venv\Lib\site-packages\httpx\_transports\default.py", line 370, in handle_async_request
    with map_httpcore_exceptions():
         ~~~~~~~~~~~~~~~~~~~~~~~^^
  File "C:\Users\PC\AppData\Local\Programs\Python\Python313\Lib\contextlib.py", line 162, in __exit__
    self.gen.throw(value)
    ~~~~~~~~~~~~~~^^^^^^^
  File "C:\Users\PC\Desktop\bitrix24x\.venv\Lib\site-packages\httpx\_transports\default.py", line 84, in map_httpcore_exceptions
    raise mapped_exc(message) from exc
httpx.RemoteProtocolError: Server disconnected without sending a response.

The above exception was the direct cause of the following exception:

Traceback (most recent call last):
  File "C:\Users\PC\Desktop\bitrix24x\.venv\Lib\site-packages\telegram\ext\_updater.py", line 715, in _network_loop_retry
    if not await action_cb():
           ^^^^^^^^^^^^^^^^^
  File "C:\Users\PC\Desktop\bitrix24x\.venv\Lib\site-packages\telegram\ext\_updater.py", line 384, in polling_action_cb
    raise exc
  File "C:\Users\PC\Desktop\bitrix24x\.venv\Lib\site-packages\telegram\ext\_updater.py", line 373, in polling_action_cb
    updates = await self.bot.get_updates(
              ^^^^^^^^^^^^^^^^^^^^^^^^^^^
    ...<7 lines>...
    )
    ^
  File "C:\Users\PC\Desktop\bitrix24x\.venv\Lib\site-packages\telegram\ext\_extbot.py", line 618, in get_updates
    updates = await super().get_updates(
              ^^^^^^^^^^^^^^^^^^^^^^^^^^
    ...<9 lines>...
    )
    ^
  File "C:\Users\PC\Desktop\bitrix24x\.venv\Lib\site-packages\telegram\_bot.py", line 542, in decorator
    result = await func(self, *args, **kwargs)
             ^^^^^^^^^^^^^^^^^^^^^^^^^^^^^^^^^
  File "C:\Users\PC\Desktop\bitrix24x\.venv\Lib\site-packages\telegram\_bot.py", line 4164, in get_updates
    await self._post(
    ^^^^^^^^^^^^^^^^^
    ...<7 lines>...
    ),
    ^
  File "C:\Users\PC\Desktop\bitrix24x\.venv\Lib\site-packages\telegram\_bot.py", line 630, in _post
    return await self._do_post(
           ^^^^^^^^^^^^^^^^^^^^
    ...<6 lines>...
    )
    ^
  File "C:\Users\PC\Desktop\bitrix24x\.venv\Lib\site-packages\telegram\ext\_extbot.py", line 347, in _do_post
    return await super()._do_post(
           ^^^^^^^^^^^^^^^^^^^^^^^
    ...<6 lines>...
    )
    ^
  File "C:\Users\PC\Desktop\bitrix24x\.venv\Lib\site-packages\telegram\_bot.py", line 658, in _do_post
    return await request.post(
           ^^^^^^^^^^^^^^^^^^^
    ...<6 lines>...
    )
    ^
  File "C:\Users\PC\Desktop\bitrix24x\.venv\Lib\site-packages\telegram\request\_baserequest.py", line 200, in post
    result = await self._request_wrapper(
             ^^^^^^^^^^^^^^^^^^^^^^^^^^^^
    ...<7 lines>...
    )
    ^
  File "C:\Users\PC\Desktop\bitrix24x\.venv\Lib\site-packages\telegram\request\_baserequest.py", line 340, in _request_wrapper
    raise exc
  File "C:\Users\PC\Desktop\bitrix24x\.venv\Lib\site-packages\telegram\request\_baserequest.py", line 330, in _request_wrapper
    code, payload = await self.do_request(
                    ^^^^^^^^^^^^^^^^^^^^^^
    ...<7 lines>...
    )
    ^
  File "C:\Users\PC\Desktop\bitrix24x\.venv\Lib\site-packages\telegram\request\_httpxrequest.py", line 292, in do_request
    raise NetworkError(f"httpx.{err.__class__.__name__}: {err}") from err
telegram.error.NetworkError: httpx.RemoteProtocolError: Server disconnected without sending a response.
2025-11-05 16:21:42,594 [INFO] httpx: HTTP Request: POST https://api.telegram.org/bot8278158740:AAGt3eC9JUHhv4Mdbdqk_p2Zu9a87lEsX3E/getUpdates "HTTP/1.1 200 OK"
2025-11-05 16:21:42,595 [INFO] telegram.ext.Application: Application is stopping. This might take a moment.
2025-11-05 16:21:42,595 [INFO] telegram.ext.Application: Application.stop() complete
2025-11-05 16:21:57,617 [INFO] src.adapters.telegram_bot: Старт Telegram-бота в режиме full (state_dir=data\state, log_dir=data\logs)
2025-11-05 16:21:57,837 [INFO] httpx: HTTP Request: POST https://api.telegram.org/bot8278158740:AAGt3eC9JUHhv4Mdbdqk_p2Zu9a87lEsX3E/getMe "HTTP/1.1 200 OK"
2025-11-05 16:21:57,882 [INFO] httpx: HTTP Request: POST https://api.telegram.org/bot8278158740:AAGt3eC9JUHhv4Mdbdqk_p2Zu9a87lEsX3E/deleteWebhook "HTTP/1.1 200 OK"
2025-11-05 16:21:57,883 [INFO] telegram.ext.Application: Application started
2025-11-05 16:22:08,064 [INFO] httpx: HTTP Request: POST https://api.telegram.org/bot8278158740:AAGt3eC9JUHhv4Mdbdqk_p2Zu9a87lEsX3E/getUpdates "HTTP/1.1 200 OK"
2025-11-05 16:22:08,494 [INFO] httpx: HTTP Request: POST https://api.telegram.org/bot8278158740:AAGt3eC9JUHhv4Mdbdqk_p2Zu9a87lEsX3E/getUpdates "HTTP/1.1 200 OK"
2025-11-05 16:22:08,496 [INFO] src.orchestrator.model_client: Запрос к модели
2025-11-05 16:22:08,695 [INFO] httpx: HTTP Request: POST https://api.telegram.org/bot8278158740:AAGt3eC9JUHhv4Mdbdqk_p2Zu9a87lEsX3E/sendChatAction "HTTP/1.1 200 OK"
2025-11-05 16:22:12,779 [INFO] httpx: HTTP Request: POST https://api.telegram.org/bot8278158740:AAGt3eC9JUHhv4Mdbdqk_p2Zu9a87lEsX3E/sendChatAction "HTTP/1.1 200 OK"
2025-11-05 16:22:16,939 [INFO] httpx: HTTP Request: POST https://api.telegram.org/bot8278158740:AAGt3eC9JUHhv4Mdbdqk_p2Zu9a87lEsX3E/sendChatAction "HTTP/1.1 200 OK"
2025-11-05 16:22:18,541 [INFO] httpx: HTTP Request: POST https://api.telegram.org/bot8278158740:AAGt3eC9JUHhv4Mdbdqk_p2Zu9a87lEsX3E/getUpdates "HTTP/1.1 200 OK"
2025-11-05 16:22:21,012 [INFO] httpx: HTTP Request: POST https://api.telegram.org/bot8278158740:AAGt3eC9JUHhv4Mdbdqk_p2Zu9a87lEsX3E/sendChatAction "HTTP/1.1 200 OK"
2025-11-05 16:22:25,082 [INFO] httpx: HTTP Request: POST https://api.telegram.org/bot8278158740:AAGt3eC9JUHhv4Mdbdqk_p2Zu9a87lEsX3E/sendChatAction "HTTP/1.1 200 OK"
2025-11-05 16:22:28,586 [INFO] httpx: HTTP Request: POST https://api.telegram.org/bot8278158740:AAGt3eC9JUHhv4Mdbdqk_p2Zu9a87lEsX3E/getUpdates "HTTP/1.1 200 OK"
2025-11-05 16:22:29,151 [INFO] httpx: HTTP Request: POST https://api.telegram.org/bot8278158740:AAGt3eC9JUHhv4Mdbdqk_p2Zu9a87lEsX3E/sendChatAction "HTTP/1.1 200 OK"
2025-11-05 16:22:33,221 [INFO] httpx: HTTP Request: POST https://api.telegram.org/bot8278158740:AAGt3eC9JUHhv4Mdbdqk_p2Zu9a87lEsX3E/sendChatAction "HTTP/1.1 200 OK"
2025-11-05 16:22:37,293 [INFO] httpx: HTTP Request: POST https://api.telegram.org/bot8278158740:AAGt3eC9JUHhv4Mdbdqk_p2Zu9a87lEsX3E/sendChatAction "HTTP/1.1 200 OK"
2025-11-05 16:22:38,633 [INFO] httpx: HTTP Request: POST https://api.telegram.org/bot8278158740:AAGt3eC9JUHhv4Mdbdqk_p2Zu9a87lEsX3E/getUpdates "HTTP/1.1 200 OK"
2025-11-05 16:22:41,358 [INFO] httpx: HTTP Request: POST https://api.telegram.org/bot8278158740:AAGt3eC9JUHhv4Mdbdqk_p2Zu9a87lEsX3E/sendChatAction "HTTP/1.1 200 OK"
2025-11-05 16:22:45,464 [INFO] httpx: HTTP Request: POST https://api.telegram.org/bot8278158740:AAGt3eC9JUHhv4Mdbdqk_p2Zu9a87lEsX3E/sendChatAction "HTTP/1.1 200 OK"
2025-11-05 16:22:48,684 [INFO] httpx: HTTP Request: POST https://api.telegram.org/bot8278158740:AAGt3eC9JUHhv4Mdbdqk_p2Zu9a87lEsX3E/getUpdates "HTTP/1.1 200 OK"
2025-11-05 16:22:49,533 [INFO] httpx: HTTP Request: POST https://api.telegram.org/bot8278158740:AAGt3eC9JUHhv4Mdbdqk_p2Zu9a87lEsX3E/sendChatAction "HTTP/1.1 200 OK"
2025-11-05 16:22:53,731 [INFO] httpx: HTTP Request: POST https://api.telegram.org/bot8278158740:AAGt3eC9JUHhv4Mdbdqk_p2Zu9a87lEsX3E/sendChatAction "HTTP/1.1 200 OK"
2025-11-05 16:22:57,845 [INFO] httpx: HTTP Request: POST https://api.telegram.org/bot8278158740:AAGt3eC9JUHhv4Mdbdqk_p2Zu9a87lEsX3E/sendChatAction "HTTP/1.1 200 OK"
2025-11-05 16:22:58,729 [INFO] httpx: HTTP Request: POST https://api.telegram.org/bot8278158740:AAGt3eC9JUHhv4Mdbdqk_p2Zu9a87lEsX3E/getUpdates "HTTP/1.1 200 OK"
2025-11-05 16:23:02,014 [INFO] httpx: HTTP Request: POST https://api.telegram.org/bot8278158740:AAGt3eC9JUHhv4Mdbdqk_p2Zu9a87lEsX3E/sendChatAction "HTTP/1.1 200 OK"
2025-11-05 16:23:06,097 [INFO] httpx: HTTP Request: POST https://api.telegram.org/bot8278158740:AAGt3eC9JUHhv4Mdbdqk_p2Zu9a87lEsX3E/sendChatAction "HTTP/1.1 200 OK"
2025-11-05 16:23:08,777 [INFO] httpx: HTTP Request: POST https://api.telegram.org/bot8278158740:AAGt3eC9JUHhv4Mdbdqk_p2Zu9a87lEsX3E/getUpdates "HTTP/1.1 200 OK"
2025-11-05 16:23:08,826 [WARNING] urllib3.connectionpool: Retrying (Retry(total=2, connect=3, read=2, redirect=0, status=None)) after connection broken by 'ReadTimeoutError("HTTPSConnectionPool(host='api.openai.com', port=443): Read timed out. (read timeout=60.0)")': /v1/chat/completions
2025-11-05 16:23:10,176 [INFO] httpx: HTTP Request: POST https://api.telegram.org/bot8278158740:AAGt3eC9JUHhv4Mdbdqk_p2Zu9a87lEsX3E/sendChatAction "HTTP/1.1 200 OK"
2025-11-05 16:23:14,245 [INFO] httpx: HTTP Request: POST https://api.telegram.org/bot8278158740:AAGt3eC9JUHhv4Mdbdqk_p2Zu9a87lEsX3E/sendChatAction "HTTP/1.1 200 OK"
2025-11-05 16:23:18,310 [INFO] httpx: HTTP Request: POST https://api.telegram.org/bot8278158740:AAGt3eC9JUHhv4Mdbdqk_p2Zu9a87lEsX3E/sendChatAction "HTTP/1.1 200 OK"
2025-11-05 16:23:18,822 [INFO] httpx: HTTP Request: POST https://api.telegram.org/bot8278158740:AAGt3eC9JUHhv4Mdbdqk_p2Zu9a87lEsX3E/getUpdates "HTTP/1.1 200 OK"
2025-11-05 16:23:22,399 [INFO] httpx: HTTP Request: POST https://api.telegram.org/bot8278158740:AAGt3eC9JUHhv4Mdbdqk_p2Zu9a87lEsX3E/sendChatAction "HTTP/1.1 200 OK"
2025-11-05 16:23:22,889 [INFO] httpx: HTTP Request: POST https://api.telegram.org/bot8278158740:AAGt3eC9JUHhv4Mdbdqk_p2Zu9a87lEsX3E/getUpdates "HTTP/1.1 200 OK"
2025-11-05 16:23:22,890 [INFO] telegram.ext.Application: Application is stopping. This might take a moment.
2025-11-05 16:24:11,145 [WARNING] urllib3.connectionpool: Retrying (Retry(total=1, connect=3, read=1, redirect=0, status=None)) after connection broken by 'ReadTimeoutError("HTTPSConnectionPool(host='api.openai.com', port=443): Read timed out. (read timeout=60.0)")': /v1/chat/completions
2025-11-05 16:25:15,463 [WARNING] urllib3.connectionpool: Retrying (Retry(total=0, connect=3, read=0, redirect=0, status=None)) after connection broken by 'ReadTimeoutError("HTTPSConnectionPool(host='api.openai.com', port=443): Read timed out. (read timeout=60.0)")': /v1/chat/completions
2025-11-05 16:26:15,782 [WARNING] src.orchestrator.agent: Ошибка GPT-клиента
2025-11-05 16:26:15,784 [INFO] src.orchestrator.agent: Финальный ответ ассистента
2025-11-05 16:26:15,816 [ERROR] asyncio: Task was destroyed but it is pending!
task: <Task pending name='Application:8278158740:update_fetcher' coro=<Application._update_fetcher() running at C:\Users\PC\Desktop\bitrix24x\.venv\Lib\site-packages\telegram\ext\_application.py:1200> wait_for=<Future pending cb=[_chain_future.<locals>._call_check_cancel() at C:\Users\PC\AppData\Local\Programs\Python\Python313\Lib\asyncio\futures.py:384, Task.task_wakeup()]>>
2025-11-05 16:26:15,817 [ERROR] src.adapters.telegram_bot: Исключение в Telegram-боте
Traceback (most recent call last):
  File "C:\Users\PC\Desktop\bitrix24x\src\adapters\telegram_bot.py", line 161, in _handle_text_message
    response = await self._run_in_executor(
               ^^^^^^^^^^^^^^^^^^^^^^^^^^^^
    ...<3 lines>...
    )
    ^
GeneratorExit

During handling of the above exception, another exception occurred:

Traceback (most recent call last):
  File "C:\Users\PC\Desktop\bitrix24x\.venv\Lib\site-packages\telegram\ext\_application.py", line 1264, in process_update
    await coroutine
  File "C:\Users\PC\Desktop\bitrix24x\.venv\Lib\site-packages\telegram\ext\_handlers\basehandler.py", line 157, in handle_update
  File "C:\Users\PC\Desktop\bitrix24x\src\adapters\telegram_bot.py", line 178, in _handle_text_message
    typing_done.set()
  File "C:\Users\PC\AppData\Local\Programs\Python\Python313\Lib\asyncio\locks.py", line 192, in set
  File "C:\Users\PC\AppData\Local\Programs\Python\Python313\Lib\asyncio\base_events.py", line 827, in call_soon
    self._check_closed()
  File "C:\Users\PC\AppData\Local\Programs\Python\Python313\Lib\asyncio\base_events.py", line 550, in _check_closed
    raise RuntimeError('Event loop is closed')
RuntimeError: Event loop is closed
2025-11-05 16:26:15,819 [ERROR] asyncio: Task was destroyed but it is pending!
task: <Task pending name='Task-6' coro=<TelegramBotAdapter._typing_indicator_loop() running at C:\Users\PC\Desktop\bitrix24x\src\adapters\telegram_bot.py:298> wait_for=<Future finished result=True>>
